[0;36m
==================================================
 iOS 빌드 감시 스크립트 시작
==================================================
[0m
[0;34mℹ️  2025-08-19 14:33:06 - 감시 스크립트 설정:[0m
   - 감시 디렉터리: /tmp/jenkins-ios-builds
   - 모바일 프로젝트: /Users/yoondongbin/Desktop/object_monitor_app/mobile
   - 감시 간격: 10초
   - 최대 동시 빌드: 1
   - 로그 보관 기간: 7일
   - 시작 시간: 2025-08-19 14:33:06

[0;34mℹ️  2025-08-19 14:33:06 - iOS 빌드 감시 스크립트 초기화 중...[0m
[0;34mℹ️  2025-08-19 14:33:06 - 필수 도구 확인 중...[0m
[0;32m✅ 2025-08-19 14:33:06 - 필수 도구 확인 완료[0m
[0;34mℹ️  2025-08-19 14:33:06 - 감시 디렉터리 설정 중...[0m
[0;32m✅ 2025-08-19 14:33:06 - 감시 디렉터리 설정 완료[0m
[0;36m👀 2025-08-19 14:33:06 - 메인 감시 루프 시작....[0m
[0;36m👀 2025-08-19 14:34:37 - 감시 중...(루피 #10)[0m
[0;36m👀 2025-08-19 14:36:17 - 감시 중...(루피 #20)[0m
[0;36m👀 2025-08-19 14:37:57 - 감시 중...(루피 #30)[0m
[0;36m👀 2025-08-19 14:39:37 - 감시 중...(루피 #40)[0m
[0;36m👀 2025-08-19 14:41:17 - 감시 중...(루피 #50)[0m
